[0330/164049.909:ERROR:process_memory_win.cc(73)] ReadMemory at 0x7ff781cb0000 of 64 bytes failed: Only part of a ReadProcessMemory or WriteProcessMemory request was completed. (0x12B)
[0330/164055.612:WARNING:pe_image_reader.cc(340)] could not read dos header from C:\Program Files (x86)\Google\Chrome\Application\chrome.exe
[0330/164055.612:ERROR:process_memory_win.cc(73)] ReadMemory at 0x7ffbfcee0000 of 64 bytes failed: Only part of a ReadProcessMemory or WriteProcessMemory request was completed. (0x12B)
[0330/164055.612:WARNING:pe_image_reader.cc(340)] could not read dos header from C:\WINDOWS\SYSTEM32\ntdll.dll
[0330/164055.612:ERROR:process_memory_win.cc(73)] ReadMemory at 0x7ffbfadd0000 of 64 bytes failed: Only part of a ReadProcessMemory or WriteProcessMemory request was completed. (0x12B)
[0330/164055.845:WARNING:pe_image_reader.cc(340)] could not read dos header from C:\WINDOWS\System32\KERNEL32.DLL
[0330/164055.849:ERROR:process_memory_win.cc(73)] ReadMemory at 0x7ffbf9db0000 of 64 bytes failed: Only part of a ReadProcessMemory or WriteProcessMemory request was completed. (0x12B)
[0330/164055.849:WARNING:pe_image_reader.cc(340)] could not read dos header from C:\WINDOWS\System32\KERNELBASE.dll
[0330/164055.849:ERROR:process_memory_win.cc(73)] ReadMemory at 0x7ffbf7570000 of 64 bytes failed: Only part of a ReadProcessMemory or WriteProcessMemory request was completed. (0x12B)
[0330/164055.849:WARNING:pe_image_reader.cc(340)] could not read dos header from C:\WINDOWS\SYSTEM32\apphelp.dll
[0330/164055.849:ERROR:process_memory_win.cc(73)] ReadMemory at 0x7ffbfba70000 of 64 bytes failed: Only part of a ReadProcessMemory or WriteProcessMemory request was completed. (0x12B)
[0330/164055.849:WARNING:pe_image_reader.cc(340)] could not read dos header from C:\WINDOWS\System32\SHELL32.dll
[0330/164055.849:ERROR:process_memory_win.cc(73)] ReadMemory at 0x7ffbfb8e0000 of 64 bytes failed: Only part of a ReadProcessMemory or WriteProcessMemory request was completed. (0x12B)
[0330/164055.849:WARNING:pe_image_reader.cc(340)] could not read dos header from C:\WINDOWS\System32\msvcrt.dll
[0330/164055.849:ERROR:process_memory_win.cc(73)] ReadMemory at 0x7ffbf94f0000 of 64 bytes failed: Only part of a ReadProcessMemory or WriteProcessMemory request was completed. (0x12B)
[0330/164055.849:WARNING:pe_image_reader.cc(340)] could not read dos header from C:\WINDOWS\System32\cfgmgr32.dll
[0330/164055.849:ERROR:process_memory_win.cc(73)] ReadMemory at 0x7ffbf9540000 of 64 bytes failed: Only part of a ReadProcessMemory or WriteProcessMemory request was completed. (0x12B)
[0330/164055.849:WARNING:pe_image_reader.cc(340)] could not read dos header from C:\WINDOWS\System32\ucrtbase.dll
[0330/164055.849:ERROR:process_memory_win.cc(73)] ReadMemory at 0x7ffbfa3d0000 of 64 bytes failed: Only part of a ReadProcessMemory or WriteProcessMemory request was completed. (0x12B)
[0330/164055.849:WARNING:pe_image_reader.cc(340)] could not read dos header from C:\WINDOWS\System32\shcore.dll
[0330/164055.849:ERROR:process_memory_win.cc(73)] ReadMemory at 0x7ffbfb020000 of 64 bytes failed: Only part of a ReadProcessMemory or WriteProcessMemory request was completed. (0x12B)
[0330/164055.849:WARNING:pe_image_reader.cc(340)] could not read dos header from C:\WINDOWS\System32\RPCRT4.dll
[0330/164055.849:ERROR:process_memory_win.cc(73)] ReadMemory at 0x7ffbfb350000 of 64 bytes failed: Only part of a ReadProcessMemory or WriteProcessMemory request was completed. (0x12B)
[0330/164055.849:WARNING:pe_image_reader.cc(340)] could not read dos header from C:\WINDOWS\System32\combase.dll
[0330/164055.849:ERROR:process_memory_win.cc(73)] ReadMemory at 0x7ffbf9470000 of 64 bytes failed: Only part of a ReadProcessMemory or WriteProcessMemory request was completed. (0x12B)
[0330/164055.849:WARNING:pe_image_reader.cc(340)] could not read dos header from C:\WINDOWS\System32\bcryptPrimitives.dll
[0330/164055.849:ERROR:process_memory_win.cc(73)] ReadMemory at 0x7ffbf96a0000 of 64 bytes failed: Only part of a ReadProcessMemory or WriteProcessMemory request was completed. (0x12B)
[0330/164055.849:WARNING:pe_image_reader.cc(340)] could not read dos header from C:\WINDOWS\System32\windows.storage.dll
[0330/164055.849:ERROR:process_memory_win.cc(73)] ReadMemory at 0x7ffbfa480000 of 64 bytes failed: Only part of a ReadProcessMemory or WriteProcessMemory request was completed. (0x12B)
[0330/164055.849:WARNING:pe_image_reader.cc(340)] could not read dos header from C:\WINDOWS\System32\advapi32.dll
[0330/164055.849:ERROR:process_memory_win.cc(73)] ReadMemory at 0x7ffbfa600000 of 64 bytes failed: Only part of a ReadProcessMemory or WriteProcessMemory request was completed. (0x12B)
[0330/164055.849:WARNING:pe_image_reader.cc(340)] could not read dos header from C:\WINDOWS\System32\sechost.dll
[0330/164055.849:ERROR:process_memory_win.cc(73)] ReadMemory at 0x7ffbfb830000 of 64 bytes failed: Only part of a ReadProcessMemory or WriteProcessMemory request was completed. (0x12B)
[0330/164055.849:WARNING:pe_image_reader.cc(340)] could not read dos header from C:\WINDOWS\System32\shlwapi.dll
[0330/164055.849:ERROR:process_memory_win.cc(73)] ReadMemory at 0x7ffbfb150000 of 64 bytes failed: Only part of a ReadProcessMemory or WriteProcessMemory request was completed. (0x12B)
[0330/164055.849:WARNING:pe_image_reader.cc(340)] could not read dos header from C:\WINDOWS\System32\GDI32.dll
[0330/164055.849:ERROR:process_memory_win.cc(73)] ReadMemory at 0x7ffbf92b0000 of 64 bytes failed: Only part of a ReadProcessMemory or WriteProcessMemory request was completed. (0x12B)
[0330/164055.849:WARNING:pe_image_reader.cc(340)] could not read dos header from C:\WINDOWS\System32\gdi32full.dll
[0330/164055.849:ERROR:process_memory_win.cc(73)] ReadMemory at 0x7ffbfa220000 of 64 bytes failed: Only part of a ReadProcessMemory or WriteProcessMemory request was completed. (0x12B)
[0330/164055.849:WARNING:pe_image_reader.cc(340)] could not read dos header from C:\WINDOWS\System32\msvcp_win.dll
[0330/164055.849:ERROR:process_memory_win.cc(73)] ReadMemory at 0x1369e110000 of 64 bytes failed: Only part of a ReadProcessMemory or WriteProcessMemory request was completed. (0x12B)
[0330/164055.849:WARNING:pe_image_reader.cc(340)] could not read dos header from C:\WINDOWS\System32\USER32.dll
[0330/164055.849:ERROR:process_memory_win.cc(73)] ReadMemory at 0x7ffbf9450000 of 64 bytes failed: Only part of a ReadProcessMemory or WriteProcessMemory request was completed. (0x12B)
[0330/164055.849:WARNING:pe_image_reader.cc(340)] could not read dos header from C:\WINDOWS\System32\win32u.dll
[0330/164055.849:ERROR:process_memory_win.cc(73)] ReadMemory at 0x7ffbf9290000 of 64 bytes failed: Only part of a ReadProcessMemory or WriteProcessMemory request was completed. (0x12B)
[0330/164055.849:WARNING:pe_image_reader.cc(340)] could not read dos header from C:\WINDOWS\System32\kernel.appcore.dll
[0330/164055.849:ERROR:process_memory_win.cc(73)] ReadMemory at 0x7ffbf91f0000 of 64 bytes failed: Only part of a ReadProcessMemory or WriteProcessMemory request was completed. (0x12B)
[0330/164055.849:WARNING:pe_image_reader.cc(340)] could not read dos header from C:\WINDOWS\System32\profapi.dll
[0330/164055.849:ERROR:process_memory_win.cc(73)] ReadMemory at 0x7ffbf9230000 of 64 bytes failed: Only part of a ReadProcessMemory or WriteProcessMemory request was completed. (0x12B)
[0330/164055.849:WARNING:pe_image_reader.cc(340)] could not read dos header from C:\WINDOWS\System32\powrprof.dll
[0330/164055.849:ERROR:process_memory_win.cc(73)] ReadMemory at 0x7ffbf9280000 of 64 bytes failed: Only part of a ReadProcessMemory or WriteProcessMemory request was completed. (0x12B)
[0330/164055.849:WARNING:pe_image_reader.cc(340)] could not read dos header from C:\WINDOWS\System32\FLTLIB.DLL
[0330/164055.849:ERROR:process_memory_win.cc(73)] ReadMemory at 0x7ffbcef20000 of 64 bytes failed: Only part of a ReadProcessMemory or WriteProcessMemory request was completed. (0x12B)
[0330/164055.849:WARNING:pe_image_reader.cc(340)] could not read dos header from C:\Program Files (x86)\Google\Chrome\Application\73.0.3683.86\chrome_elf.dll
[0330/164055.849:ERROR:process_memory_win.cc(73)] ReadMemory at 0x7ffbf42a0000 of 64 bytes failed: Only part of a ReadProcessMemory or WriteProcessMemory request was completed. (0x12B)
[0330/164055.849:WARNING:pe_image_reader.cc(340)] could not read dos header from C:\WINDOWS\SYSTEM32\VERSION.dll
[0330/164055.853:ERROR:process_memory_win.cc(73)] ReadMemory at 0x7ffbf6090000 of 64 bytes failed: Only part of a ReadProcessMemory or WriteProcessMemory request was completed. (0x12B)
[0330/164055.853:WARNING:pe_image_reader.cc(340)] could not read dos header from C:\WINDOWS\SYSTEM32\WINMM.dll
[0330/164055.853:ERROR:process_memory_win.cc(73)] ReadMemory at 0x7ffbf90f0000 of 64 bytes failed: Only part of a ReadProcessMemory or WriteProcessMemory request was completed. (0x12B)
[0330/164055.853:WARNING:pe_image_reader.cc(340)] could not read dos header from C:\WINDOWS\SYSTEM32\USERENV.dll
[0330/164055.853:ERROR:process_memory_win.cc(73)] ReadMemory at 0x7ffbf6060000 of 64 bytes failed: Only part of a ReadProcessMemory or WriteProcessMemory request was completed. (0x12B)
[0330/164055.853:WARNING:pe_image_reader.cc(340)] could not read dos header from C:\WINDOWS\SYSTEM32\WINMMBASE.dll
[0330/164055.853:ERROR:process_memory_win.cc(73)] ReadMemory at 0x7ffbf8be0000 of 64 bytes failed: Only part of a ReadProcessMemory or WriteProcessMemory request was completed. (0x12B)
[0330/164055.853:WARNING:pe_image_reader.cc(340)] could not read dos header from C:\WINDOWS\SYSTEM32\CRYPTBASE.DLL
[0330/164055.853:ERROR:process_memory_win.cc(73)] ReadMemory at 0x7ffbfb890000 of 64 bytes failed: Only part of a ReadProcessMemory or WriteProcessMemory request was completed. (0x12B)
[0330/164055.853:WARNING:pe_image_reader.cc(340)] could not read dos header from C:\WINDOWS\System32\IMM32.DLL
[0330/164055.853:ERROR:process_memory_win.cc(73)] ReadMemory at 0x7ffbab1d0000 of 64 bytes failed: Only part of a ReadProcessMemory or WriteProcessMemory request was completed. (0x12B)
[0330/164055.853:WARNING:pe_image_reader.cc(340)] could not read dos header from C:\Program Files (x86)\Google\Chrome\Application\73.0.3683.86\chrome_child.dll
[0330/164055.853:ERROR:process_memory_win.cc(73)] ReadMemory at 0x1369e350000 of 64 bytes failed: Only part of a ReadProcessMemory or WriteProcessMemory request was completed. (0x12B)
[0330/164055.853:WARNING:pe_image_reader.cc(340)] could not read dos header from C:\WINDOWS\System32\WS2_32.dll
[0330/164055.853:ERROR:process_memory_win.cc(73)] ReadMemory at 0x7ffbfb1f0000 of 64 bytes failed: Only part of a ReadProcessMemory or WriteProcessMemory request was completed. (0x12B)
[0330/164055.853:WARNING:pe_image_reader.cc(340)] could not read dos header from C:\WINDOWS\System32\ole32.dll
[0330/164055.853:ERROR:process_memory_win.cc(73)] ReadMemory at 0x7ffbfa530000 of 64 bytes failed: Only part of a ReadProcessMemory or WriteProcessMemory request was completed. (0x12B)
[0330/164055.853:WARNING:pe_image_reader.cc(340)] could not read dos header from C:\WINDOWS\System32\OLEAUT32.dll
[0330/164055.853:ERROR:process_memory_win.cc(73)] ReadMemory at 0x7ffbf9640000 of 64 bytes failed: Only part of a ReadProcessMemory or WriteProcessMemory request was completed. (0x12B)
[0330/164055.853:WARNING:pe_image_reader.cc(340)] could not read dos header from C:\WINDOWS\System32\WINTRUST.dll
[0330/164055.853:ERROR:process_memory_win.cc(73)] ReadMemory at 0x7ffbf9210000 of 64 bytes failed: Only part of a ReadProcessMemory or WriteProcessMemory request was completed. (0x12B)
[0330/164055.853:WARNING:pe_image_reader.cc(340)] could not read dos header from C:\WINDOWS\System32\MSASN1.dll
[0330/164055.853:ERROR:process_memory_win.cc(73)] ReadMemory at 0x7ffbfa030000 of 64 bytes failed: Only part of a ReadProcessMemory or WriteProcessMemory request was completed. (0x12B)
[0330/164055.853:WARNING:pe_image_reader.cc(340)] could not read dos header from C:\WINDOWS\System32\CRYPT32.dll
[0330/164055.853:ERROR:process_memory_win.cc(73)] ReadMemory at 0x7ffbfb980000 of 64 bytes failed: Only part of a ReadProcessMemory or WriteProcessMemory request was completed. (0x12B)
[0330/164055.853:WARNING:pe_image_reader.cc(340)] could not read dos header from C:\WINDOWS\System32\COMDLG32.dll
[0330/164055.853:ERROR:process_memory_win.cc(73)] ReadMemory at 0x7ffbf8790000 of 64 bytes failed: Only part of a ReadProcessMemory or WriteProcessMemory request was completed. (0x12B)
[0330/164055.853:WARNING:pe_image_reader.cc(340)] could not read dos header from C:\WINDOWS\SYSTEM32\IPHLPAPI.DLL
[0330/164055.853:ERROR:process_memory_win.cc(73)] ReadMemory at 0x7ffbe4690000 of 64 bytes failed: Only part of a ReadProcessMemory or WriteProcessMemory request was completed. (0x12B)
[0330/164055.853:WARNING:pe_image_reader.cc(340)] could not read dos header from C:\WINDOWS\SYSTEM32\OLEACC.dll
[0330/164055.853:ERROR:process_memory_win.cc(73)] ReadMemory at 0x7ffbed490000 of 64 bytes failed: Only part of a ReadProcessMemory or WriteProcessMemory request was completed. (0x12B)
[0330/164055.853:WARNING:pe_image_reader.cc(340)] could not read dos header from C:\WINDOWS\SYSTEM32\DWrite.dll
[0330/164055.853:ERROR:process_memory_win.cc(73)] ReadMemory at 0x7ffbf7fb0000 of 64 bytes failed: Only part of a ReadProcessMemory or WriteProcessMemory request was completed. (0x12B)
[0330/164055.853:WARNING:pe_image_reader.cc(340)] could not read dos header from C:\WINDOWS\SYSTEM32\dxgi.dll
[0330/164055.853:ERROR:process_memory_win.cc(73)] ReadMemory at 0x7ffbebf70000 of 64 bytes failed: Only part of a ReadProcessMemory or WriteProcessMemory request was completed. (0x12B)
[0330/164055.853:WARNING:pe_image_reader.cc(340)] could not read dos header from C:\WINDOWS\SYSTEM32\WINSPOOL.DRV
[0330/164055.853:ERROR:process_memory_win.cc(73)] ReadMemory at 0x7ffbed1b0000 of 64 bytes failed: Only part of a ReadProcessMemory or WriteProcessMemory request was completed. (0x12B)
[0330/164055.853:WARNING:pe_image_reader.cc(340)] could not read dos header from C:\WINDOWS\SYSTEM32\dbghelp.dll
[0330/164055.853:ERROR:process_memory_win.cc(73)] ReadMemory at 0x7ffbd8140000 of 64 bytes failed: Only part of a ReadProcessMemory or WriteProcessMemory request was completed. (0x12B)
[0330/164055.853:WARNING:pe_image_reader.cc(340)] could not read dos header from C:\WINDOWS\SYSTEM32\USP10.dll
[0330/164055.853:ERROR:process_memory_win.cc(73)] ReadMemory at 0x7ffbec000000 of 64 bytes failed: Only part of a ReadProcessMemory or WriteProcessMemory request was completed. (0x12B)
[0330/164055.853:WARNING:pe_image_reader.cc(340)] could not read dos header from C:\WINDOWS\WinSxS\amd64_microsoft.windows.common-controls_6595b64144ccf1df_6.0.17134.590_none_fb3d9bff3069e088\COMCTL32.dll
[0330/164055.853:ERROR:process_memory_win.cc(73)] ReadMemory at 0x7ffbf0890000 of 64 bytes failed: Only part of a ReadProcessMemory or WriteProcessMemory request was completed. (0x12B)
[0330/164055.853:WARNING:pe_image_reader.cc(340)] could not read dos header from C:\WINDOWS\SYSTEM32\WINHTTP.dll
[0330/164055.853:ERROR:process_memory_win.cc(73)] ReadMemory at 0x7ffbed7b0000 of 64 bytes failed: Only part of a ReadProcessMemory or WriteProcessMemory request was completed. (0x12B)
[0330/164055.853:WARNING:pe_image_reader.cc(340)] could not read dos header from C:\WINDOWS\SYSTEM32\urlmon.dll
[0330/164055.853:ERROR:process_memory_win.cc(73)] ReadMemory at 0x7ffbf4e90000 of 64 bytes failed: Only part of a ReadProcessMemory or WriteProcessMemory request was completed. (0x12B)
[0330/164055.853:WARNING:pe_image_reader.cc(340)] could not read dos header from C:\WINDOWS\SYSTEM32\Secur32.dll
[0330/164055.853:ERROR:process_memory_win.cc(73)] ReadMemory at 0x7ffbf09d0000 of 64 bytes failed: Only part of a ReadProcessMemory or WriteProcessMemory request was completed. (0x12B)
[0330/164055.857:WARNING:pe_image_reader.cc(340)] could not read dos header from C:\WINDOWS\SYSTEM32\dhcpcsvc.DLL
[0330/164055.857:ERROR:process_memory_win.cc(73)] ReadMemory at 0x7ffbfa7e0000 of 64 bytes failed: Only part of a ReadProcessMemory or WriteProcessMemory request was completed. (0x12B)
[0330/164055.857:WARNING:pe_image_reader.cc(340)] could not read dos header from C:\WINDOWS\System32\NSI.dll
[0330/164055.857:ERROR:process_memory_win.cc(73)] ReadMemory at 0x7ffbf5c20000 of 64 bytes failed: Only part of a ReadProcessMemory or WriteProcessMemory request was completed. (0x12B)
[0330/164055.857:WARNING:pe_image_reader.cc(340)] could not read dos header from C:\WINDOWS\SYSTEM32\PROPSYS.dll
[0330/164055.857:ERROR:process_memory_win.cc(73)] ReadMemory at 0x7ffbf8cf0000 of 64 bytes failed: Only part of a ReadProcessMemory or WriteProcessMemory request was completed. (0x12B)
[0330/164055.857:WARNING:pe_image_reader.cc(340)] could not read dos header from C:\WINDOWS\SYSTEM32\bcrypt.dll
[0330/164055.857:ERROR:process_memory_win.cc(73)] ReadMemory at 0x7ffbefc20000 of 64 bytes failed: Only part of a ReadProcessMemory or WriteProcessMemory request was completed. (0x12B)
[0330/164055.857:WARNING:pe_image_reader.cc(340)] could not read dos header from C:\WINDOWS\SYSTEM32\iertutil.dll
[0330/164055.857:ERROR:process_memory_win.cc(73)] ReadMemory at 0x7ffbf9120000 of 64 bytes failed: Only part of a ReadProcessMemory or WriteProcessMemory request was completed. (0x12B)
[0330/164055.857:WARNING:pe_image_reader.cc(340)] could not read dos header from C:\WINDOWS\SYSTEM32\SSPICLI.DLL
[0330/164056.129:ERROR:process_memory_win.cc(73)] ReadMemory at 0xa489fb000 of 20480 bytes failed: Only part of a ReadProcessMemory or WriteProcessMemory request was completed. (0x12B)
[0330/164056.133:ERROR:process_memory_win.cc(73)] ReadMemory at 0xa48bff000 of 4096 bytes failed: Only part of a ReadProcessMemory or WriteProcessMemory request was completed. (0x12B)
[0330/164056.133:ERROR:process_memory_win.cc(73)] ReadMemory at 0xa487aa000 of 852 bytes failed: Only part of a ReadProcessMemory or WriteProcessMemory request was completed. (0x12B)
[0330/164056.133:ERROR:process_memory_win.cc(73)] ReadMemory at 0xa487ab000 of 6024 bytes failed: Only part of a ReadProcessMemory or WriteProcessMemory request was completed. (0x12B)
[0330/164056.133:ERROR:process_memory_win.cc(73)] ReadMemory at 0xa487ad000 of 6024 bytes failed: Only part of a ReadProcessMemory or WriteProcessMemory request was completed. (0x12B)
[0330/164056.133:ERROR:process_memory_win.cc(73)] ReadMemory at 0x1369dee13b4 of 512 bytes failed: Only part of a ReadProcessMemory or WriteProcessMemory request was completed. (0x12B)
[0330/164056.133:ERROR:process_memory_win.cc(73)] ReadMemory at 0x1369e010fc0 of 21410 bytes failed: Only part of a ReadProcessMemory or WriteProcessMemory request was completed. (0x12B)
[0330/164056.133:ERROR:process_memory_win.cc(73)] ReadMemory at 0x1369e016370 of 1012 bytes failed: Only part of a ReadProcessMemory or WriteProcessMemory request was completed. (0x12B)
[0330/164056.133:ERROR:process_memory_win.cc(73)] ReadMemory at 0x1369e016988 of 118 bytes failed: Only part of a ReadProcessMemory or WriteProcessMemory request was completed. (0x12B)
[0330/164056.133:ERROR:process_memory_win.cc(73)] ReadMemory at 0x1369e016a00 of 1084 bytes failed: Only part of a ReadProcessMemory or WriteProcessMemory request was completed. (0x12B)
[0330/164056.133:ERROR:process_memory_win.cc(73)] ReadMemory at 0x1369e016e3e of 118 bytes failed: Only part of a ReadProcessMemory or WriteProcessMemory request was completed. (0x12B)
[0330/164056.133:ERROR:process_memory_win.cc(73)] ReadMemory at 0x1369e016eb6 of 96 bytes failed: Only part of a ReadProcessMemory or WriteProcessMemory request was completed. (0x12B)
[0330/164056.133:ERROR:process_memory_win.cc(73)] ReadMemory at 0x1369e016f30 of 58 bytes failed: Only part of a ReadProcessMemory or WriteProcessMemory request was completed. (0x12B)
[0330/164056.133:ERROR:process_memory_win.cc(73)] ReadMemory at 0x1369e017030 of 132 bytes failed: Only part of a ReadProcessMemory or WriteProcessMemory request was completed. (0x12B)
[0330/164056.133:ERROR:process_memory_win.cc(73)] ReadMemory at 0x1369e0171c0 of 132 bytes failed: Only part of a ReadProcessMemory or WriteProcessMemory request was completed. (0x12B)
[0330/164056.133:ERROR:process_memory_win.cc(73)] ReadMemory at 0x1369e017380 of 124 bytes failed: Only part of a ReadProcessMemory or WriteProcessMemory request was completed. (0x12B)
[0330/164056.133:ERROR:process_memory_win.cc(73)] ReadMemory at 0x1369e017760 of 132 bytes failed: Only part of a ReadProcessMemory or WriteProcessMemory request was completed. (0x12B)
[0330/164056.133:ERROR:process_memory_win.cc(73)] ReadMemory at 0x1369e0178f0 of 64 bytes failed: Only part of a ReadProcessMemory or WriteProcessMemory request was completed. (0x12B)
[0330/164056.133:ERROR:process_memory_win.cc(73)] ReadMemory at 0x1369e017c50 of 62 bytes failed: Only part of a ReadProcessMemory or WriteProcessMemory request was completed. (0x12B)
[0330/164056.133:ERROR:process_memory_win.cc(73)] ReadMemory at 0x1369e017d40 of 132 bytes failed: Only part of a ReadProcessMemory or WriteProcessMemory request was completed. (0x12B)
[0330/164056.133:ERROR:process_memory_win.cc(73)] ReadMemory at 0x1369e017ed0 of 68 bytes failed: Only part of a ReadProcessMemory or WriteProcessMemory request was completed. (0x12B)
[0330/164056.133:ERROR:process_memory_win.cc(73)] ReadMemory at 0x1369e018e40 of 132 bytes failed: Only part of a ReadProcessMemory or WriteProcessMemory request was completed. (0x12B)
[0330/164056.133:ERROR:process_memory_win.cc(73)] ReadMemory at 0x1369e01e340 of 132 bytes failed: Only part of a ReadProcessMemory or WriteProcessMemory request was completed. (0x12B)
[0330/164056.133:ERROR:process_memory_win.cc(73)] ReadMemory at 0x1369e01e550 of 132 bytes failed: Only part of a ReadProcessMemory or WriteProcessMemory request was completed. (0x12B)
[0330/164056.133:ERROR:process_memory_win.cc(73)] ReadMemory at 0x1369e01e6e0 of 62 bytes failed: Only part of a ReadProcessMemory or WriteProcessMemory request was completed. (0x12B)
[0330/164056.133:ERROR:process_memory_win.cc(73)] ReadMemory at 0x1369e021320 of 132 bytes failed: Only part of a ReadProcessMemory or WriteProcessMemory request was completed. (0x12B)
[0330/164056.133:ERROR:process_memory_win.cc(73)] ReadMemory at 0x1369e021450 of 60 bytes failed: Only part of a ReadProcessMemory or WriteProcessMemory request was completed. (0x12B)
[0330/164056.133:ERROR:process_memory_win.cc(73)] ReadMemory at 0x1369e0215e0 of 132 bytes failed: Only part of a ReadProcessMemory or WriteProcessMemory request was completed. (0x12B)
[0330/164056.137:ERROR:process_memory_win.cc(73)] ReadMemory at 0x1369e021770 of 64 bytes failed: Only part of a ReadProcessMemory or WriteProcessMemory request was completed. (0x12B)
[0330/164056.137:ERROR:process_memory_win.cc(73)] ReadMemory at 0x1369e0219f0 of 132 bytes failed: Only part of a ReadProcessMemory or WriteProcessMemory request was completed. (0x12B)
[0330/164056.137:ERROR:process_memory_win.cc(73)] ReadMemory at 0x1369e021b80 of 64 bytes failed: Only part of a ReadProcessMemory or WriteProcessMemory request was completed. (0x12B)
[0330/164056.137:ERROR:process_memory_win.cc(73)] ReadMemory at 0x1369e021de0 of 132 bytes failed: Only part of a ReadProcessMemory or WriteProcessMemory request was completed. (0x12B)
[0330/164056.137:ERROR:process_memory_win.cc(73)] ReadMemory at 0x1369e021f70 of 60 bytes failed: Only part of a ReadProcessMemory or WriteProcessMemory request was completed. (0x12B)
[0330/164056.137:ERROR:process_memory_win.cc(73)] ReadMemory at 0x1369e022290 of 132 bytes failed: Only part of a ReadProcessMemory or WriteProcessMemory request was completed. (0x12B)
[0330/164056.137:ERROR:process_memory_win.cc(73)] ReadMemory at 0x1369e022420 of 60 bytes failed: Only part of a ReadProcessMemory or WriteProcessMemory request was completed. (0x12B)
[0330/164056.137:ERROR:process_memory_win.cc(73)] ReadMemory at 0x1369e022660 of 132 bytes failed: Only part of a ReadProcessMemory or WriteProcessMemory request was completed. (0x12B)
[0330/164056.137:ERROR:process_memory_win.cc(73)] ReadMemory at 0x1369e0227e0 of 80 bytes failed: Only part of a ReadProcessMemory or WriteProcessMemory request was completed. (0x12B)
[0330/164056.137:ERROR:process_memory_win.cc(73)] ReadMemory at 0x1369e022d20 of 76 bytes failed: Only part of a ReadProcessMemory or WriteProcessMemory request was completed. (0x12B)
[0330/164056.137:ERROR:process_memory_win.cc(73)] ReadMemory at 0x1369e022de0 of 78 bytes failed: Only part of a ReadProcessMemory or WriteProcessMemory request was completed. (0x12B)
[0330/164056.137:ERROR:process_memory_win.cc(73)] ReadMemory at 0x1369e022fa0 of 62 bytes failed: Only part of a ReadProcessMemory or WriteProcessMemory request was completed. (0x12B)
[0330/164056.137:ERROR:process_memory_win.cc(73)] ReadMemory at 0x1369e0236f0 of 132 bytes failed: Only part of a ReadProcessMemory or WriteProcessMemory request was completed. (0x12B)
[0330/164056.137:ERROR:process_memory_win.cc(73)] ReadMemory at 0x1369e0239b0 of 132 bytes failed: Only part of a ReadProcessMemory or WriteProcessMemory request was completed. (0x12B)
[0330/164056.137:ERROR:process_memory_win.cc(73)] ReadMemory at 0x1369e023e90 of 132 bytes failed: Only part of a ReadProcessMemory or WriteProcessMemory request was completed. (0x12B)
[0330/164056.137:ERROR:process_memory_win.cc(73)] ReadMemory at 0x1369e024020 of 58 bytes failed: Only part of a ReadProcessMemory or WriteProcessMemory request was completed. (0x12B)
[0330/164056.137:ERROR:process_memory_win.cc(73)] ReadMemory at 0x1369e024070 of 64 bytes failed: Only part of a ReadProcessMemory or WriteProcessMemory request was completed. (0x12B)
[0330/164056.137:ERROR:process_memory_win.cc(73)] ReadMemory at 0x1369e0240c0 of 58 bytes failed: Only part of a ReadProcessMemory or WriteProcessMemory request was completed. (0x12B)
[0330/164056.137:ERROR:process_memory_win.cc(73)] ReadMemory at 0x1369e024160 of 62 bytes failed: Only part of a ReadProcessMemory or WriteProcessMemory request was completed. (0x12B)
[0330/164056.137:ERROR:process_memory_win.cc(73)] ReadMemory at 0x1369e0241b0 of 60 bytes failed: Only part of a ReadProcessMemory or WriteProcessMemory request was completed. (0x12B)
[0330/164056.137:ERROR:process_memory_win.cc(73)] ReadMemory at 0x1369e024200 of 60 bytes failed: Only part of a ReadProcessMemory or WriteProcessMemory request was completed. (0x12B)
[0330/164056.137:ERROR:process_memory_win.cc(73)] ReadMemory at 0x1369e0242a0 of 66 bytes failed: Only part of a ReadProcessMemory or WriteProcessMemory request was completed. (0x12B)
[0330/164056.137:ERROR:process_memory_win.cc(73)] ReadMemory at 0x1369e0242f0 of 62 bytes failed: Only part of a ReadProcessMemory or WriteProcessMemory request was completed. (0x12B)
[0330/164056.137:ERROR:process_memory_win.cc(73)] ReadMemory at 0x1369e024390 of 64 bytes failed: Only part of a ReadProcessMemory or WriteProcessMemory request was completed. (0x12B)
[0330/164056.137:ERROR:process_memory_win.cc(73)] ReadMemory at 0x1369e0243e0 of 62 bytes failed: Only part of a ReadProcessMemory or WriteProcessMemory request was completed. (0x12B)
[0330/164056.137:ERROR:process_memory_win.cc(73)] ReadMemory at 0x1369e024430 of 66 bytes failed: Only part of a ReadProcessMemory or WriteProcessMemory request was completed. (0x12B)
[0330/164056.137:ERROR:process_memory_win.cc(73)] ReadMemory at 0x1369e0244d0 of 66 bytes failed: Only part of a ReadProcessMemory or WriteProcessMemory request was completed. (0x12B)
[0330/164056.137:ERROR:process_memory_win.cc(73)] ReadMemory at 0x1369e024570 of 62 bytes failed: Only part of a ReadProcessMemory or WriteProcessMemory request was completed. (0x12B)
[0330/164056.137:ERROR:process_memory_win.cc(73)] ReadMemory at 0x1369e0246b0 of 60 bytes failed: Only part of a ReadProcessMemory or WriteProcessMemory request was completed. (0x12B)
[0330/164056.137:ERROR:process_memory_win.cc(73)] ReadMemory at 0x1369e024750 of 62 bytes failed: Only part of a ReadProcessMemory or WriteProcessMemory request was completed. (0x12B)
[0330/164056.137:ERROR:process_memory_win.cc(73)] ReadMemory at 0x1369e025900 of 132 bytes failed: Only part of a ReadProcessMemory or WriteProcessMemory request was completed. (0x12B)
[0330/164056.137:ERROR:process_memory_win.cc(73)] ReadMemory at 0x1369e025a30 of 156 bytes failed: Only part of a ReadProcessMemory or WriteProcessMemory request was completed. (0x12B)
[0330/164056.137:ERROR:process_memory_win.cc(73)] ReadMemory at 0x1369e025b50 of 132 bytes failed: Only part of a ReadProcessMemory or WriteProcessMemory request was completed. (0x12B)
[0330/164056.141:ERROR:process_memory_win.cc(73)] ReadMemory at 0x1369e025c80 of 132 bytes failed: Only part of a ReadProcessMemory or WriteProcessMemory request was completed. (0x12B)
[0330/164056.141:ERROR:process_memory_win.cc(73)] ReadMemory at 0x1369e025db0 of 132 bytes failed: Only part of a ReadProcessMemory or WriteProcessMemory request was completed. (0x12B)
[0330/164056.141:ERROR:process_memory_win.cc(73)] ReadMemory at 0x1369e025ee0 of 132 bytes failed: Only part of a ReadProcessMemory or WriteProcessMemory request was completed. (0x12B)
[0330/164056.141:ERROR:process_memory_win.cc(73)] ReadMemory at 0x1369e026010 of 132 bytes failed: Only part of a ReadProcessMemory or WriteProcessMemory request was completed. (0x12B)
[0330/164056.141:ERROR:process_memory_win.cc(73)] ReadMemory at 0x1369e026140 of 132 bytes failed: Only part of a ReadProcessMemory or WriteProcessMemory request was completed. (0x12B)
[0330/164056.141:ERROR:process_memory_win.cc(73)] ReadMemory at 0x1369e026270 of 132 bytes failed: Only part of a ReadProcessMemory or WriteProcessMemory request was completed. (0x12B)
[0330/164056.141:ERROR:process_memory_win.cc(73)] ReadMemory at 0x1369e0263a0 of 132 bytes failed: Only part of a ReadProcessMemory or WriteProcessMemory request was completed. (0x12B)
[0330/164056.141:ERROR:process_memory_win.cc(73)] ReadMemory at 0x1369e0264d0 of 132 bytes failed: Only part of a ReadProcessMemory or WriteProcessMemory request was completed. (0x12B)
[0330/164056.141:ERROR:process_memory_win.cc(73)] ReadMemory at 0x1369e026600 of 132 bytes failed: Only part of a ReadProcessMemory or WriteProcessMemory request was completed. (0x12B)
[0330/164056.141:ERROR:process_memory_win.cc(73)] ReadMemory at 0x1369e026730 of 132 bytes failed: Only part of a ReadProcessMemory or WriteProcessMemory request was completed. (0x12B)
[0330/164056.141:ERROR:process_memory_win.cc(73)] ReadMemory at 0x1369e026860 of 132 bytes failed: Only part of a ReadProcessMemory or WriteProcessMemory request was completed. (0x12B)
[0330/164056.141:ERROR:process_memory_win.cc(73)] ReadMemory at 0x1369e026990 of 132 bytes failed: Only part of a ReadProcessMemory or WriteProcessMemory request was completed. (0x12B)
[0330/164056.141:ERROR:process_memory_win.cc(73)] ReadMemory at 0x1369e029480 of 152 bytes failed: Only part of a ReadProcessMemory or WriteProcessMemory request was completed. (0x12B)
[0330/164056.141:ERROR:process_memory_win.cc(73)] ReadMemory at 0x1369e02ad90 of 132 bytes failed: Only part of a ReadProcessMemory or WriteProcessMemory request was completed. (0x12B)
[0330/164056.141:ERROR:process_memory_win.cc(73)] ReadMemory at 0x1369e02aec0 of 132 bytes failed: Only part of a ReadProcessMemory or WriteProcessMemory request was completed. (0x12B)
[0330/164056.141:ERROR:process_memory_win.cc(73)] ReadMemory at 0x1369e02aff0 of 132 bytes failed: Only part of a ReadProcessMemory or WriteProcessMemory request was completed. (0x12B)
[0330/164056.141:ERROR:process_memory_win.cc(73)] ReadMemory at 0x1369e02b120 of 132 bytes failed: Only part of a ReadProcessMemory or WriteProcessMemory request was completed. (0x12B)
[0330/164056.141:ERROR:process_memory_win.cc(73)] ReadMemory at 0x1369e02b250 of 132 bytes failed: Only part of a ReadProcessMemory or WriteProcessMemory request was completed. (0x12B)
[0330/164056.141:ERROR:process_memory_win.cc(73)] ReadMemory at 0x1369e02b380 of 132 bytes failed: Only part of a ReadProcessMemory or WriteProcessMemory request was completed. (0x12B)
[0330/164056.141:ERROR:process_memory_win.cc(73)] ReadMemory at 0x1369e02b4b0 of 132 bytes failed: Only part of a ReadProcessMemory or WriteProcessMemory request was completed. (0x12B)
[0330/164056.141:ERROR:process_memory_win.cc(73)] ReadMemory at 0x1369e02b5e0 of 132 bytes failed: Only part of a ReadProcessMemory or WriteProcessMemory request was completed. (0x12B)
[0330/164056.141:ERROR:process_memory_win.cc(73)] ReadMemory at 0x1369e02b710 of 132 bytes failed: Only part of a ReadProcessMemory or WriteProcessMemory request was completed. (0x12B)
[0330/164056.141:ERROR:process_memory_win.cc(73)] ReadMemory at 0x1369e02b840 of 132 bytes failed: Only part of a ReadProcessMemory or WriteProcessMemory request was completed. (0x12B)
[0330/164056.141:ERROR:process_memory_win.cc(73)] ReadMemory at 0x1369e02baa0 of 132 bytes failed: Only part of a ReadProcessMemory or WriteProcessMemory request was completed. (0x12B)
[0330/164056.141:ERROR:process_memory_win.cc(73)] ReadMemory at 0x1369e02bbd0 of 132 bytes failed: Only part of a ReadProcessMemory or WriteProcessMemory request was completed. (0x12B)
[0330/164056.141:ERROR:process_memory_win.cc(73)] ReadMemory at 0x1369e02bd00 of 132 bytes failed: Only part of a ReadProcessMemory or WriteProcessMemory request was completed. (0x12B)
[0330/164056.141:ERROR:process_memory_win.cc(73)] ReadMemory at 0x1369e02be30 of 132 bytes failed: Only part of a ReadProcessMemory or WriteProcessMemory request was completed. (0x12B)
[0330/164056.141:ERROR:process_memory_win.cc(73)] ReadMemory at 0x1369e02bf60 of 132 bytes failed: Only part of a ReadProcessMemory or WriteProcessMemory request was completed. (0x12B)
[0330/164056.141:ERROR:process_memory_win.cc(73)] ReadMemory at 0x1369e02c090 of 132 bytes failed: Only part of a ReadProcessMemory or WriteProcessMemory request was completed. (0x12B)
[0330/164056.141:ERROR:process_memory_win.cc(73)] ReadMemory at 0x1369e02c1c0 of 132 bytes failed: Only part of a ReadProcessMemory or WriteProcessMemory request was completed. (0x12B)
[0330/164056.141:ERROR:process_memory_win.cc(73)] ReadMemory at 0x1369e02c2f0 of 132 bytes failed: Only part of a ReadProcessMemory or WriteProcessMemory request was completed. (0x12B)
[0330/164056.141:ERROR:process_memory_win.cc(73)] ReadMemory at 0x1369e02c420 of 132 bytes failed: Only part of a ReadProcessMemory or WriteProcessMemory request was completed. (0x12B)
[0330/164056.145:ERROR:process_memory_win.cc(73)] ReadMemory at 0x1369e02c550 of 132 bytes failed: Only part of a ReadProcessMemory or WriteProcessMemory request was completed. (0x12B)
[0330/164056.145:ERROR:process_memory_win.cc(73)] ReadMemory at 0x1369e02c680 of 132 bytes failed: Only part of a ReadProcessMemory or WriteProcessMemory request was completed. (0x12B)
[0330/164056.145:ERROR:process_memory_win.cc(73)] ReadMemory at 0x1369e02c7b0 of 132 bytes failed: Only part of a ReadProcessMemory or WriteProcessMemory request was completed. (0x12B)
[0330/164056.145:ERROR:process_memory_win.cc(73)] ReadMemory at 0x1369e02ca10 of 132 bytes failed: Only part of a ReadProcessMemory or WriteProcessMemory request was completed. (0x12B)
[0330/164056.145:ERROR:process_memory_win.cc(73)] ReadMemory at 0x1369e02cb40 of 132 bytes failed: Only part of a ReadProcessMemory or WriteProcessMemory request was completed. (0x12B)
[0330/164056.145:ERROR:process_memory_win.cc(73)] ReadMemory at 0x1369e02cf30 of 246 bytes failed: Only part of a ReadProcessMemory or WriteProcessMemory request was completed. (0x12B)
[0330/164056.145:ERROR:process_memory_win.cc(73)] ReadMemory at 0x1369e02ea40 of 66 bytes failed: Only part of a ReadProcessMemory or WriteProcessMemory request was completed. (0x12B)
[0330/164056.145:ERROR:process_memory_win.cc(73)] ReadMemory at 0x1369e02edb0 of 58 bytes failed: Only part of a ReadProcessMemory or WriteProcessMemory request was completed. (0x12B)
[0330/164056.145:ERROR:process_memory_win.cc(73)] ReadMemory at 0x1369e034f00 of 54 bytes failed: Only part of a ReadProcessMemory or WriteProcessMemory request was completed. (0x12B)
[0330/164056.145:ERROR:process_memory_win.cc(73)] ReadMemory at 0x1369e03c510 of 64 bytes failed: Only part of a ReadProcessMemory or WriteProcessMemory request was completed. (0x12B)
[0330/164056.145:ERROR:process_memory_win.cc(73)] ReadMemory at 0x1369e03c600 of 62 bytes failed: Only part of a ReadProcessMemory or WriteProcessMemory request was completed. (0x12B)
[0330/164056.145:ERROR:process_memory_win.cc(73)] ReadMemory at 0x1369e03c650 of 60 bytes failed: Only part of a ReadProcessMemory or WriteProcessMemory request was completed. (0x12B)
[0330/164056.145:ERROR:process_memory_win.cc(73)] ReadMemory at 0x1369e03c6a0 of 60 bytes failed: Only part of a ReadProcessMemory or WriteProcessMemory request was completed. (0x12B)
[0330/164056.145:ERROR:process_memory_win.cc(73)] ReadMemory at 0x1369e03c740 of 56 bytes failed: Only part of a ReadProcessMemory or WriteProcessMemory request was completed. (0x12B)
[0330/164056.145:ERROR:process_memory_win.cc(73)] ReadMemory at 0x1369e03c880 of 64 bytes failed: Only part of a ReadProcessMemory or WriteProcessMemory request was completed. (0x12B)
[0330/164056.145:ERROR:process_memory_win.cc(73)] ReadMemory at 0x1369e03c8d0 of 60 bytes failed: Only part of a ReadProcessMemory or WriteProcessMemory request was completed. (0x12B)
[0330/164056.145:ERROR:process_memory_win.cc(73)] ReadMemory at 0x1369e03c920 of 60 bytes failed: Only part of a ReadProcessMemory or WriteProcessMemory request was completed. (0x12B)
[0330/164056.145:ERROR:process_memory_win.cc(73)] ReadMemory at 0x1369e03c970 of 62 bytes failed: Only part of a ReadProcessMemory or WriteProcessMemory request was completed. (0x12B)
[0330/164056.145:ERROR:process_memory_win.cc(73)] ReadMemory at 0x1369e03ca10 of 64 bytes failed: Only part of a ReadProcessMemory or WriteProcessMemory request was completed. (0x12B)
[0330/164056.145:ERROR:process_memory_win.cc(73)] ReadMemory at 0x1369e03cab0 of 64 bytes failed: Only part of a ReadProcessMemory or WriteProcessMemory request was completed. (0x12B)
[0330/164056.145:ERROR:process_memory_win.cc(73)] ReadMemory at 0x1369e03cb00 of 62 bytes failed: Only part of a ReadProcessMemory or WriteProcessMemory request was completed. (0x12B)
[0330/164056.145:ERROR:process_memory_win.cc(73)] ReadMemory at 0x1369e03cba0 of 62 bytes failed: Only part of a ReadProcessMemory or WriteProcessMemory request was completed. (0x12B)
[0330/164056.145:ERROR:process_memory_win.cc(73)] ReadMemory at 0x1369e03cd30 of 64 bytes failed: Only part of a ReadProcessMemory or WriteProcessMemory request was completed. (0x12B)
[0330/164056.145:ERROR:process_memory_win.cc(73)] ReadMemory at 0x1369e03cd80 of 62 bytes failed: Only part of a ReadProcessMemory or WriteProcessMemory request was completed. (0x12B)
[0330/164056.145:ERROR:process_memory_win.cc(73)] ReadMemory at 0x1369e03ce70 of 64 bytes failed: Only part of a ReadProcessMemory or WriteProcessMemory request was completed. (0x12B)
[0330/164056.145:ERROR:process_memory_win.cc(73)] ReadMemory at 0x1369e03cec0 of 60 bytes failed: Only part of a ReadProcessMemory or WriteProcessMemory request was completed. (0x12B)
[0330/164056.145:ERROR:process_memory_win.cc(73)] ReadMemory at 0x1369e03d050 of 58 bytes failed: Only part of a ReadProcessMemory or WriteProcessMemory request was completed. (0x12B)
[0330/164056.145:ERROR:process_memory_win.cc(73)] ReadMemory at 0x1369e03d0a0 of 64 bytes failed: Only part of a ReadProcessMemory or WriteProcessMemory request was completed. (0x12B)
[0330/164056.145:ERROR:process_memory_win.cc(73)] ReadMemory at 0x1369e03d140 of 62 bytes failed: Only part of a ReadProcessMemory or WriteProcessMemory request was completed. (0x12B)
[0330/164056.145:ERROR:process_memory_win.cc(73)] ReadMemory at 0x1369e03d230 of 58 bytes failed: Only part of a ReadProcessMemory or WriteProcessMemory request was completed. (0x12B)
[0330/164056.145:ERROR:process_memory_win.cc(73)] ReadMemory at 0x1369e03d370 of 60 bytes failed: Only part of a ReadProcessMemory or WriteProcessMemory request was completed. (0x12B)
[0330/164056.145:ERROR:process_memory_win.cc(73)] ReadMemory at 0x1369e040bf0 of 132 bytes failed: Only part of a ReadProcessMemory or WriteProcessMemory request was completed. (0x12B)
[0330/164056.145:ERROR:process_memory_win.cc(73)] ReadMemory at 0x1369e040d20 of 132 bytes failed: Only part of a ReadProcessMemory or WriteProcessMemory request was completed. (0x12B)
[0330/164056.145:ERROR:process_memory_win.cc(73)] ReadMemory at 0x1369e0411e0 of 132 bytes failed: Only part of a ReadProcessMemory or WriteProcessMemory request was completed. (0x12B)
[0330/164056.145:ERROR:process_memory_win.cc(73)] ReadMemory at 0x1369e041a30 of 132 bytes failed: Only part of a ReadProcessMemory or WriteProcessMemory request was completed. (0x12B)
[0330/164056.149:ERROR:process_memory_win.cc(73)] ReadMemory at 0x1369e3eda50 of 512 bytes failed: Only part of a ReadProcessMemory or WriteProcessMemory request was completed. (0x12B)
[0330/164056.149:ERROR:process_memory_win.cc(73)] ReadMemory at 0x1369e8d4120 of 512 bytes failed: Only part of a ReadProcessMemory or WriteProcessMemory request was completed. (0x12B)
[0330/164056.149:ERROR:process_memory_win.cc(73)] ReadMemory at 0x7ffbcef2e6ee of 512 bytes failed: Only part of a ReadProcessMemory or WriteProcessMemory request was completed. (0x12B)
[0330/164056.149:ERROR:process_memory_win.cc(73)] ReadMemory at 0x7ffbcef2f823 of 512 bytes failed: Only part of a ReadProcessMemory or WriteProcessMemory request was completed. (0x12B)
[0330/164056.149:ERROR:process_memory_win.cc(73)] ReadMemory at 0x7ffbfcf7a9a4 of 512 bytes failed: Only part of a ReadProcessMemory or WriteProcessMemory request was completed. (0x12B)
[0330/164056.149:ERROR:process_memory_win.cc(73)] ReadMemory at 0x7ffbfd0001e0 of 18 bytes failed: Only part of a ReadProcessMemory or WriteProcessMemory request was completed. (0x12B)
[0330/164056.149:ERROR:process_memory_win.cc(73)] ReadMemory at 0x7ffbfd0365b0 of 40 bytes failed: Only part of a ReadProcessMemory or WriteProcessMemory request was completed. (0x12B)
[0330/164056.149:ERROR:process_memory_win.cc(73)] ReadMemory at 0x7ffbfd036a08 of 48 bytes failed: Only part of a ReadProcessMemory or WriteProcessMemory request was completed. (0x12B)
[0330/164056.149:ERROR:process_memory_win.cc(73)] ReadMemory at 0x7ffbfd03c360 of 64 bytes failed: Only part of a ReadProcessMemory or WriteProcessMemory request was completed. (0x12B)
[0330/164103.726:ERROR:scoped_process_suspend.cc(40)] NtResumeProcess: An attempt was made to access an exiting process. (0xc000010a)
